<?xml version="1.0" encoding="UTF-8"?>
<testsuite xmlns:xsi="http://www.w3.org/2001/XMLSchema-instance" xsi:schemaLocation="https://maven.apache.org/surefire/maven-surefire-plugin/xsd/surefire-test-report.xsd" name="com.ljh.bookstore.dao.ShopCollectionDaoTest" time="6.085" tests="5" errors="0" skipped="0" failures="1">
  <properties>
[...]
</properties>
  <testcase name="testSelectByPage" classname="com.ljh.bookstore.dao.ShopCollectionDaoTest" time="0.528"/>
  <testcase name="testDeleteById" classname="com.ljh.bookstore.dao.ShopCollectionDaoTest" time="0.665"/>
  <testcase name="testInsert" classname="com.ljh.bookstore.dao.ShopCollectionDaoTest" time="0.62"/>
  <testcase name="testUpdate" classname="com.ljh.bookstore.dao.ShopCollectionDaoTest" time="3.649">
    <failure type="java.lang.AssertionError">java.lang.AssertionError
	at com.ljh.bookstore.dao.ShopCollectionDaoTest.testUpdate(ShopCollectionDaoTest.java:57)
</failure>
    <system-out><![CDATA[i = false
]]></system-out>
  </testcase>
  <testcase name="testSelectById" classname="com.ljh.bookstore.dao.ShopCollectionDaoTest" time="0.622"/>
</testsuite>